2017-08-12 01:22:25,316 [Worker-8] INFO  o.e.m.c.i.l.LifecycleMappingFactory - Using org.maven.ide.eclipse.wtp.WarLifecycleMapping lifecycle mapping for MavenProject: com:Demo:0.0.1-SNAPSHOT @ /home/janke/workspace/Demo/pom.xml.
2017-08-12 01:22:37,606 [Worker-32] WARN  o.e.m.c.i.embedder.EclipseLogger - Using platform encoding (UTF-8 actually) to copy filtered resources, i.e. build is platform dependent!
2017-08-12 01:22:37,637 [Worker-32] INFO  o.e.m.c.i.embedder.EclipseLogger - Copying 4 resources
2017-08-12 01:22:37,692 [Worker-32] WARN  o.e.m.c.i.embedder.EclipseLogger - Using platform encoding (UTF-8 actually) to copy filtered resources, i.e. build is platform dependent!
2017-08-12 01:22:37,693 [Worker-32] INFO  o.e.m.c.i.embedder.EclipseLogger - skip non existing resourceDirectory /home/janke/workspace/Demo/src/test/resources
2017-08-12 01:22:40,641 [Worker-15] INFO  o.e.m.c.i.l.LifecycleMappingFactory - Using org.maven.ide.eclipse.wtp.WarLifecycleMapping lifecycle mapping for MavenProject: com:aaop:0.0.1-SNAPSHOT @ /home/janke/workspace/aaop/pom.xml.
2017-08-12 01:22:42,698 [Worker-15] INFO  o.e.m.c.i.embedder.EclipseLogger - Using 'UTF-8' encoding to copy filtered resources.
2017-08-12 01:22:42,699 [Worker-15] INFO  o.e.m.c.i.embedder.EclipseLogger - Copying 0 resource
2017-08-12 01:22:42,701 [Worker-15] INFO  o.e.m.c.i.embedder.EclipseLogger - Using 'UTF-8' encoding to copy filtered resources.
2017-08-12 01:22:42,701 [Worker-15] INFO  o.e.m.c.i.embedder.EclipseLogger - skip non existing resourceDirectory /home/janke/workspace/aaop/src/test/resources
2017-08-12 01:22:57,928 [Worker-15] INFO  o.e.m.c.i.l.LifecycleMappingFactory - Using org.maven.ide.eclipse.wtp.WarLifecycleMapping lifecycle mapping for MavenProject: com.kakakj:cafune:0.4.3 @ /home/janke/workspace/project/cafune/pom.xml.
2017-08-12 01:23:04,892 [Worker-15] WARN  o.e.m.c.i.embedder.EclipseLogger - The artifact org.apache.commons:commons-io:jar:1.3.2 has been relocated to commons-io:commons-io:jar:1.3.2
2017-08-12 01:23:05,833 [Worker-15] WARN  o.e.m.c.i.embedder.EclipseLogger - The artifact org.apache.commons:commons-io:jar:1.3.2 has been relocated to commons-io:commons-io:jar:1.3.2
2017-08-12 01:23:07,578 [Worker-15] INFO  o.e.m.c.i.embedder.EclipseLogger - Using 'UTF-8' encoding to copy filtered resources.
2017-08-12 01:23:07,581 [Worker-15] INFO  o.e.m.c.i.embedder.EclipseLogger - Copying 10 resources
2017-08-12 01:23:07,640 [Worker-15] INFO  o.e.m.c.i.embedder.EclipseLogger - Using 'UTF-8' encoding to copy filtered resources.
2017-08-12 01:23:07,641 [Worker-15] INFO  o.e.m.c.i.embedder.EclipseLogger - Copying 4 resources
2017-08-12 01:23:37,764 [Worker-34] INFO  o.e.m.c.i.embedder.EclipseLogger - Using 'UTF-8' encoding to copy filtered resources.
2017-08-12 01:23:37,806 [Worker-34] INFO  o.e.m.c.i.embedder.EclipseLogger - Copying 0 resource
2017-08-12 01:23:37,814 [Worker-34] INFO  o.e.m.c.i.embedder.EclipseLogger - Using 'UTF-8' encoding to copy filtered resources.
2017-08-12 01:23:37,815 [Worker-34] INFO  o.e.m.c.i.embedder.EclipseLogger - skip non existing resourceDirectory /home/janke/workspace/aaop/src/test/resources
2017-08-12 01:23:41,171 [Worker-34] WARN  o.e.m.c.i.embedder.EclipseLogger - The artifact org.apache.commons:commons-io:jar:1.3.2 has been relocated to commons-io:commons-io:jar:1.3.2
2017-08-12 01:23:41,180 [Worker-34] INFO  o.e.m.c.i.embedder.EclipseLogger - Using 'UTF-8' encoding to copy filtered resources.
2017-08-12 01:23:41,181 [Worker-34] INFO  o.e.m.c.i.embedder.EclipseLogger - Copying 10 resources
2017-08-12 01:23:41,184 [Worker-34] INFO  o.e.m.c.i.embedder.EclipseLogger - Using 'UTF-8' encoding to copy filtered resources.
2017-08-12 01:23:41,185 [Worker-34] INFO  o.e.m.c.i.embedder.EclipseLogger - Copying 4 resources
2017-08-12 01:23:42,924 [Worker-27] INFO  o.e.m.c.i.l.LifecycleMappingFactory - Using org.maven.ide.eclipse.wtp.WarLifecycleMapping lifecycle mapping for MavenProject: com.kakakj:hivey:0.5.0 @ /home/janke/workspace/project/fashman/pom.xml.
2017-08-12 01:23:43,932 [Worker-27] INFO  o.e.m.c.i.embedder.EclipseLogger - Using 'UTF-8' encoding to copy filtered resources.
2017-08-12 01:23:43,932 [Worker-27] INFO  o.e.m.c.i.embedder.EclipseLogger - Copying 11 resources
2017-08-12 01:23:44,140 [Worker-27] INFO  o.e.m.c.i.embedder.EclipseLogger - Using 'UTF-8' encoding to copy filtered resources.
2017-08-12 01:23:44,140 [Worker-27] INFO  o.e.m.c.i.embedder.EclipseLogger - Copying 5 resources
2017-08-12 01:24:33,858 [Worker-33] INFO  o.e.m.c.i.embedder.EclipseLogger - Using 'UTF-8' encoding to copy filtered resources.
2017-08-12 01:24:33,871 [Worker-33] INFO  o.e.m.c.i.embedder.EclipseLogger - Copying 11 resources
2017-08-12 01:24:33,922 [Worker-33] INFO  o.e.m.c.i.embedder.EclipseLogger - Using 'UTF-8' encoding to copy filtered resources.
2017-08-12 01:24:33,935 [Worker-33] INFO  o.e.m.c.i.embedder.EclipseLogger - Copying 5 resources
2017-08-12 01:24:34,666 [Worker-33] INFO  o.e.m.c.i.l.LifecycleMappingFactory - Using org.eclipse.m2e.jdt.JarLifecycleMapping lifecycle mapping for MavenProject: com:learn2:0.0.1-SNAPSHOT @ /home/janke/workspace/learn2/pom.xml.
2017-08-12 01:24:35,722 [Worker-33] WARN  o.e.m.c.i.embedder.EclipseLogger - Using platform encoding (UTF-8 actually) to copy filtered resources, i.e. build is platform dependent!
2017-08-12 01:24:35,728 [Worker-33] INFO  o.e.m.c.i.embedder.EclipseLogger - Copying 4 resources
2017-08-12 01:24:35,745 [Worker-33] WARN  o.e.m.c.i.embedder.EclipseLogger - Using platform encoding (UTF-8 actually) to copy filtered resources, i.e. build is platform dependent!
2017-08-12 01:24:35,746 [Worker-33] INFO  o.e.m.c.i.embedder.EclipseLogger - skip non existing resourceDirectory /home/janke/workspace/learn2/src/test/resources
2017-08-12 01:24:36,044 [Worker-14] WARN  o.e.m.c.i.embedder.EclipseLogger - Using platform encoding (UTF-8 actually) to copy filtered resources, i.e. build is platform dependent!
2017-08-12 01:24:36,045 [Worker-14] INFO  o.e.m.c.i.embedder.EclipseLogger - Copying 4 resources
2017-08-12 01:24:36,047 [Worker-14] WARN  o.e.m.c.i.embedder.EclipseLogger - Using platform encoding (UTF-8 actually) to copy filtered resources, i.e. build is platform dependent!
2017-08-12 01:24:36,047 [Worker-14] INFO  o.e.m.c.i.embedder.EclipseLogger - skip non existing resourceDirectory /home/janke/workspace/learn2/src/test/resources
2017-08-12 01:24:36,512 [Worker-14] INFO  o.e.m.c.i.l.LifecycleMappingFactory - Using org.eclipse.m2e.jdt.JarLifecycleMapping lifecycle mapping for MavenProject: com:learn6:0.0.1-SNAPSHOT @ /home/janke/workspace/learn6/pom.xml.
2017-08-12 01:24:36,752 [Worker-14] INFO  o.e.m.c.i.embedder.EclipseLogger - Using 'UTF-8' encoding to copy filtered resources.
2017-08-12 01:24:36,755 [Worker-14] INFO  o.e.m.c.i.embedder.EclipseLogger - skip non existing resourceDirectory /home/janke/workspace/learn6/src/main/resources
2017-08-12 01:24:36,757 [Worker-14] INFO  o.e.m.c.i.embedder.EclipseLogger - Using 'UTF-8' encoding to copy filtered resources.
2017-08-12 01:24:36,764 [Worker-14] INFO  o.e.m.c.i.embedder.EclipseLogger - skip non existing resourceDirectory /home/janke/workspace/learn6/src/test/resources
2017-08-12 01:24:36,959 [Worker-3] WARN  o.e.m.c.i.embedder.EclipseLogger - Using platform encoding (UTF-8 actually) to copy filtered resources, i.e. build is platform dependent!
2017-08-12 01:24:36,960 [Worker-3] INFO  o.e.m.c.i.embedder.EclipseLogger - Copying 0 resource
2017-08-12 01:24:36,961 [Worker-3] WARN  o.e.m.c.i.embedder.EclipseLogger - Using platform encoding (UTF-8 actually) to copy filtered resources, i.e. build is platform dependent!
2017-08-12 01:24:36,961 [Worker-3] INFO  o.e.m.c.i.embedder.EclipseLogger - skip non existing resourceDirectory /home/janke/workspace/learn2/src/test/resources
2017-08-12 01:24:37,207 [Worker-3] INFO  o.e.m.c.i.embedder.EclipseLogger - Using 'UTF-8' encoding to copy filtered resources.
2017-08-12 01:24:37,207 [Worker-3] INFO  o.e.m.c.i.embedder.EclipseLogger - skip non existing resourceDirectory /home/janke/workspace/learn6/src/main/resources
2017-08-12 01:24:37,212 [Worker-3] INFO  o.e.m.c.i.embedder.EclipseLogger - Using 'UTF-8' encoding to copy filtered resources.
2017-08-12 01:24:37,213 [Worker-3] INFO  o.e.m.c.i.embedder.EclipseLogger - skip non existing resourceDirectory /home/janke/workspace/learn6/src/test/resources
2017-08-12 01:24:37,488 [Worker-3] INFO  o.e.m.c.i.l.LifecycleMappingFactory - Using org.eclipse.m2e.jdt.JarLifecycleMapping lifecycle mapping for MavenProject: com:learn7:0.0.1-SNAPSHOT @ /home/janke/workspace/learn7/pom.xml.
2017-08-12 01:24:37,890 [Worker-3] INFO  o.e.m.c.i.embedder.EclipseLogger - Using 'UTF-8' encoding to copy filtered resources.
2017-08-12 01:24:37,900 [Worker-3] INFO  o.e.m.c.i.embedder.EclipseLogger - skip non existing resourceDirectory /home/janke/workspace/learn7/src/main/resources
2017-08-12 01:24:37,903 [Worker-3] INFO  o.e.m.c.i.embedder.EclipseLogger - Using 'UTF-8' encoding to copy filtered resources.
2017-08-12 01:24:37,911 [Worker-3] INFO  o.e.m.c.i.embedder.EclipseLogger - skip non existing resourceDirectory /home/janke/workspace/learn7/src/test/resources
2017-08-12 01:24:38,345 [Worker-19] INFO  o.e.m.c.i.embedder.EclipseLogger - Using 'UTF-8' encoding to copy filtered resources.
2017-08-12 01:24:38,345 [Worker-19] INFO  o.e.m.c.i.embedder.EclipseLogger - skip non existing resourceDirectory /home/janke/workspace/learn6/src/main/resources
2017-08-12 01:24:38,347 [Worker-19] INFO  o.e.m.c.i.embedder.EclipseLogger - Using 'UTF-8' encoding to copy filtered resources.
2017-08-12 01:24:38,348 [Worker-19] INFO  o.e.m.c.i.embedder.EclipseLogger - skip non existing resourceDirectory /home/janke/workspace/learn6/src/test/resources
2017-08-12 01:24:38,550 [Worker-19] INFO  o.e.m.c.i.embedder.EclipseLogger - Using 'UTF-8' encoding to copy filtered resources.
2017-08-12 01:24:38,550 [Worker-19] INFO  o.e.m.c.i.embedder.EclipseLogger - skip non existing resourceDirectory /home/janke/workspace/learn7/src/main/resources
2017-08-12 01:24:38,551 [Worker-19] INFO  o.e.m.c.i.embedder.EclipseLogger - Using 'UTF-8' encoding to copy filtered resources.
2017-08-12 01:24:38,552 [Worker-19] INFO  o.e.m.c.i.embedder.EclipseLogger - skip non existing resourceDirectory /home/janke/workspace/learn7/src/test/resources
2017-08-12 01:24:38,853 [Worker-19] INFO  o.e.m.c.i.l.LifecycleMappingFactory - Using org.maven.ide.eclipse.wtp.WarLifecycleMapping lifecycle mapping for MavenProject: com:learn8:0.0.1-SNAPSHOT @ /home/janke/workspace/learn8/pom.xml.
2017-08-12 01:24:39,163 [Worker-19] INFO  o.e.m.c.i.embedder.EclipseLogger - Using 'UTF-8' encoding to copy filtered resources.
2017-08-12 01:24:39,164 [Worker-19] INFO  o.e.m.c.i.embedder.EclipseLogger - skip non existing resourceDirectory /home/janke/workspace/learn8/src/main/resources
2017-08-12 01:24:39,167 [Worker-19] INFO  o.e.m.c.i.embedder.EclipseLogger - Using 'UTF-8' encoding to copy filtered resources.
2017-08-12 01:24:39,180 [Worker-19] INFO  o.e.m.c.i.embedder.EclipseLogger - skip non existing resourceDirectory /home/janke/workspace/learn8/src/test/resources
2017-08-12 01:24:39,342 [Worker-19] INFO  o.e.m.c.i.l.LifecycleMappingFactory - Using org.maven.ide.eclipse.wtp.WarLifecycleMapping lifecycle mapping for MavenProject: com:learn9:0.0.1-SNAPSHOT @ /home/janke/workspace/learn9/pom.xml.
2017-08-12 01:24:39,594 [Worker-19] INFO  o.e.m.c.i.embedder.EclipseLogger - Using 'UTF-8' encoding to copy filtered resources.
2017-08-12 01:24:39,601 [Worker-19] INFO  o.e.m.c.i.embedder.EclipseLogger - skip non existing resourceDirectory /home/janke/workspace/learn9/src/main/resources
2017-08-12 01:24:39,602 [Worker-19] INFO  o.e.m.c.i.embedder.EclipseLogger - Using 'UTF-8' encoding to copy filtered resources.
2017-08-12 01:24:39,603 [Worker-19] INFO  o.e.m.c.i.embedder.EclipseLogger - skip non existing resourceDirectory /home/janke/workspace/learn9/src/test/resources
2017-08-12 01:24:39,929 [Worker-19] INFO  o.e.m.c.i.l.LifecycleMappingFactory - Using org.eclipse.m2e.jdt.JarLifecycleMapping lifecycle mapping for MavenProject: com:learnmaven:0.0.1-SNAPSHOT @ /home/janke/workspace/learnmaven/pom.xml.
2017-08-12 01:24:40,076 [Worker-19] INFO  o.e.m.c.i.embedder.EclipseLogger - Using 'UTF-8' encoding to copy filtered resources.
2017-08-12 01:24:40,090 [Worker-19] INFO  o.e.m.c.i.embedder.EclipseLogger - skip non existing resourceDirectory /home/janke/workspace/learnmaven/src/main/resources
2017-08-12 01:24:40,092 [Worker-19] INFO  o.e.m.c.i.embedder.EclipseLogger - Using 'UTF-8' encoding to copy filtered resources.
2017-08-12 01:24:40,104 [Worker-19] INFO  o.e.m.c.i.embedder.EclipseLogger - skip non existing resourceDirectory /home/janke/workspace/learnmaven/src/test/resources
2017-08-12 01:24:40,247 [Worker-17] INFO  o.e.m.c.i.embedder.EclipseLogger - Using 'UTF-8' encoding to copy filtered resources.
2017-08-12 01:24:40,247 [Worker-17] INFO  o.e.m.c.i.embedder.EclipseLogger - skip non existing resourceDirectory /home/janke/workspace/learn6/src/main/resources
2017-08-12 01:24:40,248 [Worker-17] INFO  o.e.m.c.i.embedder.EclipseLogger - Using 'UTF-8' encoding to copy filtered resources.
2017-08-12 01:24:40,248 [Worker-17] INFO  o.e.m.c.i.embedder.EclipseLogger - skip non existing resourceDirectory /home/janke/workspace/learn6/src/test/resources
2017-08-12 01:24:40,484 [Worker-17] INFO  o.e.m.c.i.embedder.EclipseLogger - Using 'UTF-8' encoding to copy filtered resources.
2017-08-12 01:24:40,485 [Worker-17] INFO  o.e.m.c.i.embedder.EclipseLogger - skip non existing resourceDirectory /home/janke/workspace/learn8/src/main/resources
2017-08-12 01:24:40,486 [Worker-17] INFO  o.e.m.c.i.embedder.EclipseLogger - Using 'UTF-8' encoding to copy filtered resources.
2017-08-12 01:24:40,486 [Worker-17] INFO  o.e.m.c.i.embedder.EclipseLogger - skip non existing resourceDirectory /home/janke/workspace/learn8/src/test/resources
2017-08-12 01:24:40,685 [Worker-17] INFO  o.e.m.c.i.embedder.EclipseLogger - Using 'UTF-8' encoding to copy filtered resources.
2017-08-12 01:24:40,686 [Worker-17] INFO  o.e.m.c.i.embedder.EclipseLogger - skip non existing resourceDirectory /home/janke/workspace/learn9/src/main/resources
2017-08-12 01:24:40,687 [Worker-17] INFO  o.e.m.c.i.embedder.EclipseLogger - Using 'UTF-8' encoding to copy filtered resources.
2017-08-12 01:24:40,687 [Worker-17] INFO  o.e.m.c.i.embedder.EclipseLogger - skip non existing resourceDirectory /home/janke/workspace/learn9/src/test/resources
2017-08-12 01:24:40,711 [Worker-17] INFO  o.e.m.c.i.embedder.EclipseLogger - Using 'UTF-8' encoding to copy filtered resources.
2017-08-12 01:24:40,711 [Worker-17] INFO  o.e.m.c.i.embedder.EclipseLogger - skip non existing resourceDirectory /home/janke/workspace/learnmaven/src/main/resources
2017-08-12 01:24:40,713 [Worker-17] INFO  o.e.m.c.i.embedder.EclipseLogger - Using 'UTF-8' encoding to copy filtered resources.
2017-08-12 01:24:40,713 [Worker-17] INFO  o.e.m.c.i.embedder.EclipseLogger - skip non existing resourceDirectory /home/janke/workspace/learnmaven/src/test/resources
2017-08-12 01:24:43,189 [Worker-12] INFO  o.e.m.c.i.l.LifecycleMappingFactory - Using org.maven.ide.eclipse.wtp.WarLifecycleMapping lifecycle mapping for MavenProject: project-entRisk:project-entRisk:0.0.1-SNAPSHOT @ /home/janke/workspace/project-entpRisk/pom.xml.
2017-08-12 01:24:43,958 [Worker-12] WARN  o.e.m.c.i.embedder.EclipseLogger - Using platform encoding (UTF-8 actually) to copy filtered resources, i.e. build is platform dependent!
2017-08-12 01:24:43,962 [Worker-12] INFO  o.e.m.c.i.embedder.EclipseLogger - Copying 4 resources
2017-08-12 01:24:43,964 [Worker-12] WARN  o.e.m.c.i.embedder.EclipseLogger - Using platform encoding (UTF-8 actually) to copy filtered resources, i.e. build is platform dependent!
2017-08-12 01:24:43,971 [Worker-12] INFO  o.e.m.c.i.embedder.EclipseLogger - skip non existing resourceDirectory /home/janke/workspace/project-entpRisk/src/test/resources
